"../../../Engine/Content/EngineMaterials/T_Default_Material_Grid_N.uasset" 0
"../../../Engine/Content/EngineMaterials/T_Default_Material_Grid_N.uexp" 1
"../../../Engine/Content/EngineMaterials/T_Default_Material_Grid_N.ubulk" 2
"../../../Engine/Content/EngineMaterials/T_Default_Material_Grid_M.uasset" 3
"../../../Engine/Content/EngineMaterials/T_Default_Material_Grid_M.uexp" 4
"../../../Engine/Content/EngineMaterials/T_Default_Material_Grid_M.ubulk" 5
"../../../Engine/Content/Functions/Engine_MaterialFunctions01/Opacity/CameraDepthFade.uasset" 6
"../../../Engine/Content/Functions/Engine_MaterialFunctions01/Opacity/CameraDepthFade.uexp" 7
"../../../Engine/Content/EngineMaterials/WorldGridMaterial.uasset" 8
"../../../Engine/Content/EngineMaterials/WorldGridMaterial.uexp" 9
"../../../Engine/Content/ArtTools/RenderToTexture/Meshes/S_1_Unit_Plane.uasset" 10
"../../../Engine/Content/ArtTools/RenderToTexture/Meshes/S_1_Unit_Plane.uexp" 11
"../../../Engine/Content/EngineMaterials/DefaultMaterial.uasset" 12
"../../../Engine/Content/EngineMaterials/DefaultMaterial.uexp" 13
"../../../Engine/Content/BasicShapes/Cone.uasset" 14
"../../../Engine/Content/BasicShapes/Cone.uexp" 15
"../../../Engine/Content/BasicShapes/Cube.uasset" 16
"../../../Engine/Content/BasicShapes/Cube.uexp" 17
"../../../Engine/Content/BasicShapes/Cylinder.uasset" 18
"../../../Engine/Content/BasicShapes/Cylinder.uexp" 19
"../../../Engine/Content/BasicShapes/Plane.uasset" 20
"../../../Engine/Content/BasicShapes/Plane.uexp" 21
"../../../Engine/Content/BasicShapes/Sphere.uasset" 22
"../../../Engine/Content/BasicShapes/Sphere.uexp" 23
"../../../Engine/Content/EngineDamageTypes/DmgTypeBP_Environmental.uasset" 24
"../../../Engine/Content/EngineDamageTypes/DmgTypeBP_Environmental.uexp" 25
"../../../Engine/Content/EngineDebugMaterials/DebugEditorMaterial.uasset" 26
"../../../Engine/Content/EngineDebugMaterials/DebugEditorMaterial.uexp" 27
"../../../Engine/Content/EngineDebugMaterials/DebugMeshMaterial.uasset" 28
"../../../Engine/Content/EngineDebugMaterials/DebugMeshMaterial.uexp" 29
"../../../Engine/Content/EngineDebugMaterials/M_SimpleUnlitTranslucent.uasset" 30
"../../../Engine/Content/EngineDebugMaterials/M_SimpleUnlitTranslucent.uexp" 31
"../../../Engine/Content/EngineDebugMaterials/VolumeToRender.uasset" 32
"../../../Engine/Content/EngineDebugMaterials/VolumeToRender.uexp" 33
"../../../Engine/Content/Functions/Engine_MaterialFunctions02/Utility/CameraDirectionVector.uasset" 34
"../../../Engine/Content/Functions/Engine_MaterialFunctions02/Utility/CameraDirectionVector.uexp" 35
"../../../Engine/Content/EngineDebugMaterials/M_VolumeRenderSphereTracePP.uasset" 36
"../../../Engine/Content/EngineDebugMaterials/M_VolumeRenderSphereTracePP.uexp" 37
"../../../Engine/Content/EngineFonts/Faces/RobotoRegular.uasset" 38
"../../../Engine/Content/EngineFonts/Faces/RobotoRegular.uexp" 39
"../../../Engine/Content/EngineFonts/Faces/RobotoRegular.ufont" 40
"../../../Engine/Content/EngineFonts/Faces/RobotoLight.uasset" 41
"../../../Engine/Content/EngineFonts/Faces/RobotoLight.uexp" 42
"../../../Engine/Content/EngineFonts/Faces/RobotoLight.ufont" 43
"../../../Engine/Content/EngineFonts/Faces/RobotoItalic.uasset" 44
"../../../Engine/Content/EngineFonts/Faces/RobotoItalic.uexp" 45
"../../../Engine/Content/EngineFonts/Faces/RobotoItalic.ufont" 46
"../../../Engine/Content/EngineFonts/Faces/RobotoBoldItalic.uasset" 47
"../../../Engine/Content/EngineFonts/Faces/RobotoBoldItalic.uexp" 48
"../../../Engine/Content/EngineFonts/Faces/RobotoBoldItalic.ufont" 49
"../../../Engine/Content/EngineFonts/Faces/RobotoBold.uasset" 50
"../../../Engine/Content/EngineFonts/Faces/RobotoBold.uexp" 51
"../../../Engine/Content/EngineFonts/Faces/RobotoBold.ufont" 52
"../../../Engine/Content/EngineFonts/Faces/DroidSansFallback.uasset" 53
"../../../Engine/Content/EngineFonts/Faces/DroidSansFallback.uexp" 54
"../../../Engine/Content/EngineFonts/Faces/DroidSansFallback.ufont" 55
"../../../Engine/Content/EngineFonts/Roboto.uasset" 56
"../../../Engine/Content/EngineFonts/Roboto.uexp" 57
"../../../Engine/Content/EngineMaterials/BaseFlattenNormalMap.uasset" 58
"../../../Engine/Content/EngineMaterials/BaseFlattenNormalMap.uexp" 59
"../../../Engine/Content/EngineMaterials/BaseFlattenGrayscaleMap.uasset" 60
"../../../Engine/Content/EngineMaterials/BaseFlattenGrayscaleMap.uexp" 61
"../../../Engine/Content/EngineMaterials/BaseFlattenEmissiveMap.uasset" 62
"../../../Engine/Content/EngineMaterials/BaseFlattenEmissiveMap.uexp" 63
"../../../Engine/Content/EngineMaterials/BaseFlattenDiffuseMap.uasset" 64
"../../../Engine/Content/EngineMaterials/BaseFlattenDiffuseMap.uexp" 65
"../../../Engine/Content/EngineMaterials/BaseFlattenMaterial.uasset" 66
"../../../Engine/Content/EngineMaterials/BaseFlattenMaterial.uexp" 67
"../../../Engine/Content/EngineMaterials/BlueNoise.uasset" 68
"../../../Engine/Content/EngineMaterials/BlueNoise.uexp" 69
"../../../Engine/Content/EngineMaterials/DefaultBloomKernel.uasset" 70
"../../../Engine/Content/EngineMaterials/DefaultBloomKernel.uexp" 71
"../../../Engine/Content/EngineMaterials/DefaultBokeh.uasset" 72
"../../../Engine/Content/EngineMaterials/DefaultBokeh.uexp" 73
"../../../Engine/Content/EngineMaterials/DefaultDiffuse.uasset" 74
"../../../Engine/Content/EngineMaterials/DefaultDiffuse.uexp" 75
"../../../Engine/Content/EngineMaterials/DefaultDiffuse.ubulk" 76
"../../../Engine/Content/EngineMaterials/DefaultDeferredDecalMaterial.uasset" 77
"../../../Engine/Content/EngineMaterials/DefaultDeferredDecalMaterial.uexp" 78
"../../../Engine/Content/EngineMaterials/DefaultLightFunctionMaterial.uasset" 79
"../../../Engine/Content/EngineMaterials/DefaultLightFunctionMaterial.uexp" 80
"../../../Engine/Content/EngineMaterials/DefaultPhysicalMaterial.uasset" 81
"../../../Engine/Content/EngineMaterials/DefaultPhysicalMaterial.uexp" 82
"../../../Engine/Content/Functions/Engine_MaterialFunctions02/Utility/BreakOutFloat2Components.uasset" 83
"../../../Engine/Content/Functions/Engine_MaterialFunctions02/Utility/BreakOutFloat2Components.uexp" 84
"../../../Engine/Content/EngineMaterials/DefaultPostProcessMaterial.uasset" 85
"../../../Engine/Content/EngineMaterials/DefaultPostProcessMaterial.uexp" 86
"../../../Engine/Content/EngineFonts/RobotoDistanceField.uasset" 87
"../../../Engine/Content/EngineFonts/RobotoDistanceField.uexp" 88
"../../../Engine/Content/EngineMaterials/DefaultTextMaterialOpaque.uasset" 89
"../../../Engine/Content/EngineMaterials/DefaultTextMaterialOpaque.uexp" 90
"../../../Engine/Content/EngineMaterials/DefaultWhiteGrid.uasset" 91
"../../../Engine/Content/EngineMaterials/DefaultWhiteGrid.uexp" 92
"../../../Engine/Content/EngineMaterials/DefaultWhiteGrid.ubulk" 93
"../../../Engine/Content/EngineMaterials/DefaultWhiteGrid_Low.uasset" 94
"../../../Engine/Content/EngineMaterials/DefaultWhiteGrid_Low.uexp" 95
"../../../Engine/Content/EngineMaterials/EmissiveMeshMaterial.uasset" 96
"../../../Engine/Content/EngineMaterials/EmissiveMeshMaterial.uexp" 97
"../../../Engine/Content/EngineMaterials/GizmoMaterial.uasset" 98
"../../../Engine/Content/EngineMaterials/GizmoMaterial.uexp" 99
"../../../Engine/Content/EngineMaterials/Good64x64TilingNoiseHighFreq.uasset" 100
"../../../Engine/Content/EngineMaterials/Good64x64TilingNoiseHighFreq.uexp" 101
"../../../Engine/Content/EngineMaterials/MiniFont.uasset" 102
"../../../Engine/Content/EngineMaterials/MiniFont.uexp" 103
"../../../Engine/Content/EngineMaterials/InvalidLightmapSettings.uasset" 104
"../../../Engine/Content/EngineMaterials/InvalidLightmapSettings.uexp" 105
"../../../Engine/Content/EngineMaterials/InvalidLightmapSettings.ubulk" 106
"../../../Engine/Content/EngineMaterials/M_InvalidLightmapSettings.uasset" 107
"../../../Engine/Content/EngineMaterials/M_InvalidLightmapSettings.uexp" 108
"../../../Engine/Content/Functions/Engine_MaterialFunctions02/WorldPositionOffset/CameraOffset.uasset" 109
"../../../Engine/Content/Functions/Engine_MaterialFunctions02/WorldPositionOffset/CameraOffset.uexp" 110
"../../../Engine/Content/EngineMaterials/PhAT_JointLimitMaterial.uasset" 111
"../../../Engine/Content/EngineMaterials/PhAT_JointLimitMaterial.uexp" 112
"../../../Engine/Content/EngineMaterials/DefaultCalibrationColor.uasset" 113
"../../../Engine/Content/EngineMaterials/DefaultCalibrationColor.uexp" 114
"../../../Engine/Content/EngineMaterials/PPM_DefaultCalibrationColor.uasset" 115
"../../../Engine/Content/EngineMaterials/PPM_DefaultCalibrationColor.uexp" 116
"../../../Engine/Content/EngineMaterials/DefaultCalibrationGrayscale.uasset" 117
"../../../Engine/Content/EngineMaterials/DefaultCalibrationGrayscale.uexp" 118
"../../../Engine/Content/EngineMaterials/PPM_DefaultCalibrationGrayscale.uasset" 119
"../../../Engine/Content/EngineMaterials/PPM_DefaultCalibrationGrayscale.uexp" 120
"../../../Engine/Content/EngineMaterials/PreintegratedSkinBRDF.uasset" 121
"../../../Engine/Content/EngineMaterials/PreintegratedSkinBRDF.uexp" 122
"../../../Engine/Content/EngineMaterials/RemoveSurfaceMaterial.uasset" 123
"../../../Engine/Content/EngineMaterials/RemoveSurfaceMaterial.uexp" 124
"../../../Engine/Content/EngineMaterials/WeightMapPlaceholderTexture.uasset" 125
"../../../Engine/Content/EngineMaterials/WeightMapPlaceholderTexture.uexp" 126
"../../../Engine/Content/EngineResources/WhiteSquareTexture.uasset" 127
"../../../Engine/Content/EngineResources/WhiteSquareTexture.uexp" 128
"../../../Engine/Content/EngineMaterials/Widget3DPassThrough.uasset" 129
"../../../Engine/Content/EngineMaterials/Widget3DPassThrough.uexp" 130
"../../../Engine/Content/EngineMaterials/Widget3DPassThrough_Masked.uasset" 131
"../../../Engine/Content/EngineMaterials/Widget3DPassThrough_Masked.uexp" 132
"../../../Engine/Content/EngineMaterials/Widget3DPassThrough_Opaque.uasset" 133
"../../../Engine/Content/EngineMaterials/Widget3DPassThrough_Opaque.uexp" 134
"../../../Engine/Content/EngineMaterials/Widget3DPassThrough_Masked_OneSided.uasset" 135
"../../../Engine/Content/EngineMaterials/Widget3DPassThrough_Masked_OneSided.uexp" 136
"../../../Engine/Content/EngineMaterials/Widget3DPassThrough_Opaque_OneSided.uasset" 137
"../../../Engine/Content/EngineMaterials/Widget3DPassThrough_Opaque_OneSided.uexp" 138
"../../../Engine/Content/EngineMaterials/Widget3DPassThrough_Translucent.uasset" 139
"../../../Engine/Content/EngineMaterials/Widget3DPassThrough_Translucent.uexp" 140
"../../../Engine/Content/EngineMaterials/Widget3DPassThrough_Translucent_OneSided.uasset" 141
"../../../Engine/Content/EngineMaterials/Widget3DPassThrough_Translucent_OneSided.uexp" 142
"../../../Engine/Content/EngineMeshes/Sphere.uasset" 143
"../../../Engine/Content/EngineMeshes/Sphere.uexp" 144
"../../../Engine/Content/EngineResources/Black.uasset" 145
"../../../Engine/Content/EngineResources/Black.uexp" 146
"../../../Engine/Content/EngineResources/DefaultTexture.uasset" 147
"../../../Engine/Content/EngineResources/DefaultTexture.uexp" 148
"../../../Engine/Content/EngineResources/DefaultTexture.ubulk" 149
"../../../Engine/Content/EngineResources/DefaultTextureCube.uasset" 150
"../../../Engine/Content/EngineResources/DefaultTextureCube.uexp" 151
"../../../Engine/Content/EngineResources/DefaultVolumeTexture2D.uasset" 152
"../../../Engine/Content/EngineResources/DefaultVolumeTexture2D.uexp" 153
"../../../Engine/Content/EngineResources/DefaultVolumeTexture.uasset" 154
"../../../Engine/Content/EngineResources/DefaultVolumeTexture.uexp" 155
"../../../Engine/Content/EngineResources/GradientTexture0.uasset" 156
"../../../Engine/Content/EngineResources/GradientTexture0.uexp" 157
"../../../Engine/Content/EngineSky/VolumetricClouds/T_NoiseShape64.uasset" 158
"../../../Engine/Content/EngineSky/VolumetricClouds/T_NoiseShape64.uexp" 159
"../../../Engine/Content/EngineSky/VolumetricClouds/T_NoiseShape64.ubulk" 160
"../../../Engine/Content/EngineSky/VolumetricClouds/T_VolumeNoiseShape64.uasset" 161
"../../../Engine/Content/EngineSky/VolumetricClouds/T_VolumeNoiseShape64.uexp" 162
"../../../Engine/Content/EngineSky/VolumetricClouds/T_NoiseErosion.uasset" 163
"../../../Engine/Content/EngineSky/VolumetricClouds/T_NoiseErosion.uexp" 164
"../../../Engine/Content/EngineSky/VolumetricClouds/T_NoiseErosion.ubulk" 165
"../../../Engine/Content/EngineSky/VolumetricClouds/T_VolumeNoiseErosion32.uasset" 166
"../../../Engine/Content/EngineSky/VolumetricClouds/T_VolumeNoiseErosion32.uexp" 167
"../../../Engine/Content/EngineSky/VolumetricClouds/CloudWeatherTexture.uasset" 168
"../../../Engine/Content/EngineSky/VolumetricClouds/CloudWeatherTexture.uexp" 169
"../../../Engine/Content/EngineSky/VolumetricClouds/CloudGradientTexture.uasset" 170
"../../../Engine/Content/EngineSky/VolumetricClouds/CloudGradientTexture.uexp" 171
"../../../Engine/Content/Functions/Engine_MaterialFunctions02/Utility/MakeFloat2.uasset" 172
"../../../Engine/Content/Functions/Engine_MaterialFunctions02/Utility/MakeFloat2.uexp" 173
"../../../Engine/Content/EngineSky/VolumetricClouds/m_SimpleVolumetricCloud.uasset" 174
"../../../Engine/Content/EngineSky/VolumetricClouds/m_SimpleVolumetricCloud.uexp" 175
"../../../Engine/Content/EngineSky/VolumetricClouds/m_SimpleVolumetricCloud_Inst.uasset" 176
"../../../Engine/Content/EngineSky/VolumetricClouds/m_SimpleVolumetricCloud_Inst.uexp" 177
"../../../Engine/Content/EngineSounds/Master.uasset" 178
"../../../Engine/Content/EngineSounds/Master.uexp" 179
"../../../Engine/Content/Functions/Engine_MaterialFunctions01/Shading/ConvertFromDiffSpec.uasset" 180
"../../../Engine/Content/Functions/Engine_MaterialFunctions01/Shading/ConvertFromDiffSpec.uexp" 181
"../../../Engine/Content/Functions/Engine_MaterialFunctions01/Shading/PowerToRoughness.uasset" 182
"../../../Engine/Content/Functions/Engine_MaterialFunctions01/Shading/PowerToRoughness.uexp" 183
"../../../Engine/Content/Maps/Templates/Thumbnails/Default.uasset" 184
"../../../Engine/Content/Maps/Templates/Thumbnails/Default.uexp" 185
"../../../Engine/Content/Maps/Templates/Thumbnails/TimeOfDay.uasset" 186
"../../../Engine/Content/Maps/Templates/Thumbnails/TimeOfDay.uexp" 187
"../../../Engine/Content/Maps/Templates/Thumbnails/VR-Basic.uasset" 188
"../../../Engine/Content/Maps/Templates/Thumbnails/VR-Basic.uexp" 189
"../../../Engine/Content/MobileResources/T_MobileControls_texture.uasset" 190
"../../../Engine/Content/MobileResources/T_MobileControls_texture.uexp" 191
"../../../Engine/Content/MobileResources/T_MobileMenu2.uasset" 192
"../../../Engine/Content/MobileResources/T_MobileMenu2.uexp" 193
"../../../Engine/Content/MobileResources/HUD/AnalogHat.uasset" 194
"../../../Engine/Content/MobileResources/HUD/AnalogHat.uexp" 195
"../../../Engine/Content/MobileResources/HUD/VirtualJoystick_Thumb.uasset" 196
"../../../Engine/Content/MobileResources/HUD/VirtualJoystick_Thumb.uexp" 197
"../../../Engine/Content/MobileResources/HUD/VirtualJoystick_Background.uasset" 198
"../../../Engine/Content/MobileResources/HUD/VirtualJoystick_Background.uexp" 199
"../../../Engine/Content/MobileResources/HUD/DefaultVirtualJoysticks.uasset" 200
"../../../Engine/Content/MobileResources/HUD/DefaultVirtualJoysticks.uexp" 201
"../../../Engine/Content/MobileResources/HUD/LeftVirtualJoystickOnly.uasset" 202
"../../../Engine/Content/MobileResources/HUD/LeftVirtualJoystickOnly.uexp" 203
"../../../Engine/Content/MobileResources/HUD/MobileHUDButton1_off.uasset" 204
"../../../Engine/Content/MobileResources/HUD/MobileHUDButton1_off.uexp" 205
"../../../Engine/Content/MobileResources/HUD/MobileHUDButton1_on.uasset" 206
"../../../Engine/Content/MobileResources/HUD/MobileHUDButton1_on.uexp" 207
"../../../Engine/Content/MobileResources/HUD/MobileHUDButton2_off.uasset" 208
"../../../Engine/Content/MobileResources/HUD/MobileHUDButton2_off.uexp" 209
"../../../Engine/Content/MobileResources/HUD/MobileHUDButton2_on.uasset" 210
"../../../Engine/Content/MobileResources/HUD/MobileHUDButton2_on.uexp" 211
"../../../Engine/Content/MobileResources/HUD/MobileHUDButton3.uasset" 212
"../../../Engine/Content/MobileResources/HUD/MobileHUDButton3.uexp" 213
"../../../Engine/Content/MobileResources/HUD/MobileHUDButtonFire.uasset" 214
"../../../Engine/Content/MobileResources/HUD/MobileHUDButtonFire.uexp" 215
"../../../Engine/Content/MobileResources/HUD/MobileHUDDirectionPad.uasset" 216
"../../../Engine/Content/MobileResources/HUD/MobileHUDDirectionPad.uexp" 217
"../../../Engine/Content/MobileResources/HUD/MobileHUDDirectionPad2.uasset" 218
"../../../Engine/Content/MobileResources/HUD/MobileHUDDirectionPad2.uexp" 219
"../../../Engine/Content/MobileResources/HUD/MobileHUDDirectionPad3.uasset" 220
"../../../Engine/Content/MobileResources/HUD/MobileHUDDirectionPad3.uexp" 221
"../../../Engine/Content/MobileResources/HUD/MobileHUDDirectionStick.uasset" 222
"../../../Engine/Content/MobileResources/HUD/MobileHUDDirectionStick.uexp" 223
"../../../Engine/Content/MobileResources/HUD/T_Castle_ThumbstickInner.uasset" 224
"../../../Engine/Content/MobileResources/HUD/T_Castle_ThumbstickInner.uexp" 225
"../../../Engine/Content/MobileResources/HUD/T_Castle_ThumbstickOutter.uasset" 226
"../../../Engine/Content/MobileResources/HUD/T_Castle_ThumbstickOutter.uexp" 227
"../../../Engine/Content/Tutorial/ContentIntroCurve.uasset" 228
"../../../Engine/Content/Tutorial/ContentIntroCurve.uexp" 229
"../../../Engine/Plugins/2D/Paper2D/Content/PlaceholderTextures/DummySpriteTexture.uasset" 230
"../../../Engine/Plugins/2D/Paper2D/Content/PlaceholderTextures/DummySpriteTexture.uexp" 231
"../../../Engine/Plugins/2D/Paper2D/Content/PlaceholderTextures/DummySpriteTexture.ubulk" 232
"../../../Engine/Plugins/2D/Paper2D/Content/DummySprite.uasset" 233
"../../../Engine/Plugins/2D/Paper2D/Content/DummySprite.uexp" 234
"../../../Engine/Plugins/2D/Paper2D/Content/DefaultPaperTerrainMaterial.uasset" 235
"../../../Engine/Plugins/2D/Paper2D/Content/DefaultPaperTerrainMaterial.uexp" 236
"../../../Engine/Plugins/2D/Paper2D/Content/DefaultSpriteMaterial.uasset" 237
"../../../Engine/Plugins/2D/Paper2D/Content/DefaultSpriteMaterial.uexp" 238
"../../../Engine/Plugins/2D/Paper2D/Content/MaskedUnlitSpriteMaterial.uasset" 239
"../../../Engine/Plugins/2D/Paper2D/Content/MaskedUnlitSpriteMaterial.uexp" 240
"../../../Engine/Plugins/2D/Paper2D/Content/OpaqueUnlitSpriteMaterial.uasset" 241
"../../../Engine/Plugins/2D/Paper2D/Content/OpaqueUnlitSpriteMaterial.uexp" 242
"D:/GitHub/GitHub/game-unreal-demo/AnkrUnrealSDK/Content/Widgets/UIRenderTexture.uasset" 243
"D:/GitHub/GitHub/game-unreal-demo/AnkrUnrealSDK/Content/Widgets/UIRenderTexture.uexp" 244
"D:/GitHub/GitHub/game-unreal-demo/AnkrUnrealSDK/Content/Widgets/RedHatRenderTarget.uasset" 245
"D:/GitHub/GitHub/game-unreal-demo/AnkrUnrealSDK/Content/Widgets/RedHatRenderTarget.uexp" 246
"D:/GitHub/GitHub/game-unreal-demo/AnkrUnrealSDK/Content/Widgets/BlueHatRenderTarget.uasset" 247
"D:/GitHub/GitHub/game-unreal-demo/AnkrUnrealSDK/Content/Widgets/BlueHatRenderTarget.uexp" 248
"D:/GitHub/GitHub/game-unreal-demo/AnkrUnrealSDK/Content/Models/Hat/Hat/HatMaterialRed.uasset" 249
"D:/GitHub/GitHub/game-unreal-demo/AnkrUnrealSDK/Content/Models/Hat/Hat/HatMaterialRed.uexp" 250
"D:/GitHub/GitHub/game-unreal-demo/AnkrUnrealSDK/Content/Models/Hat/Hat/HatMaterialBlue.uasset" 251
"D:/GitHub/GitHub/game-unreal-demo/AnkrUnrealSDK/Content/Models/Hat/Hat/HatMaterialBlue.uexp" 252
"D:/GitHub/GitHub/game-unreal-demo/AnkrUnrealSDK/Content/Models/Hat/Hat/Hat.uasset" 253
"D:/GitHub/GitHub/game-unreal-demo/AnkrUnrealSDK/Content/Models/Hat/Hat/Hat.uexp" 254
"D:/GitHub/GitHub/game-unreal-demo/AnkrUnrealSDK/Content/Models/RedHat.uasset" 255
"D:/GitHub/GitHub/game-unreal-demo/AnkrUnrealSDK/Content/Models/RedHat.uexp" 256
"D:/GitHub/GitHub/game-unreal-demo/AnkrUnrealSDK/Content/Models/Character/Character/Airton.uasset" 257
"D:/GitHub/GitHub/game-unreal-demo/AnkrUnrealSDK/Content/Models/Character/Character/Airton.uexp" 258
"D:/GitHub/GitHub/game-unreal-demo/AnkrUnrealSDK/Content/Models/Character/Character/Airton.ubulk" 259
"D:/GitHub/GitHub/game-unreal-demo/AnkrUnrealSDK/Content/Models/Character/Character/lambert7.uasset" 260
"D:/GitHub/GitHub/game-unreal-demo/AnkrUnrealSDK/Content/Models/Character/Character/lambert7.uexp" 261
"D:/GitHub/GitHub/game-unreal-demo/AnkrUnrealSDK/Content/Models/Character/Character/Cinto.uasset" 262
"D:/GitHub/GitHub/game-unreal-demo/AnkrUnrealSDK/Content/Models/Character/Character/Cinto.uexp" 263
"D:/GitHub/GitHub/game-unreal-demo/AnkrUnrealSDK/Content/Models/Character.uasset" 264
"D:/GitHub/GitHub/game-unreal-demo/AnkrUnrealSDK/Content/Models/Character.uexp" 265
"D:/GitHub/GitHub/game-unreal-demo/AnkrUnrealSDK/Content/Models/BlueHat.uasset" 266
"D:/GitHub/GitHub/game-unreal-demo/AnkrUnrealSDK/Content/Models/BlueHat.uexp" 267
"D:/GitHub/GitHub/game-unreal-demo/AnkrUnrealSDK/Content/Widgets/UIRenderTextureMaterial.uasset" 268
"D:/GitHub/GitHub/game-unreal-demo/AnkrUnrealSDK/Content/Widgets/UIRenderTextureMaterial.uexp" 269
"D:/GitHub/GitHub/game-unreal-demo/AnkrUnrealSDK/Content/Widgets/RedHatRTMaterial.uasset" 270
"D:/GitHub/GitHub/game-unreal-demo/AnkrUnrealSDK/Content/Widgets/RedHatRTMaterial.uexp" 271
"D:/GitHub/GitHub/game-unreal-demo/AnkrUnrealSDK/Content/Widgets/BlueHatRTMaterial.uasset" 272
"D:/GitHub/GitHub/game-unreal-demo/AnkrUnrealSDK/Content/Widgets/BlueHatRTMaterial.uexp" 273
"D:/GitHub/GitHub/game-unreal-demo/AnkrUnrealSDK/Content/Textures/UI/oie_png.uasset" 274
"D:/GitHub/GitHub/game-unreal-demo/AnkrUnrealSDK/Content/Textures/UI/oie_png.uexp" 275
"D:/GitHub/GitHub/game-unreal-demo/AnkrUnrealSDK/Content/Textures/Textures/Demo/Icons/Context_Menu.uasset" 276
"D:/GitHub/GitHub/game-unreal-demo/AnkrUnrealSDK/Content/Textures/Textures/Demo/Icons/Context_Menu.uexp" 277
"D:/GitHub/GitHub/game-unreal-demo/AnkrUnrealSDK/Content/Textures/Icons/UI/Ankr_GradientLogo.uasset" 278
"D:/GitHub/GitHub/game-unreal-demo/AnkrUnrealSDK/Content/Textures/Icons/UI/Ankr_GradientLogo.uexp" 279
"D:/GitHub/GitHub/game-unreal-demo/AnkrUnrealSDK/Content/Widgets/Widget_Menu.uasset" 280
"D:/GitHub/GitHub/game-unreal-demo/AnkrUnrealSDK/Content/Widgets/Widget_Menu.uexp" 281
"D:/GitHub/GitHub/game-unreal-demo/AnkrUnrealSDK/Content/Blueprints/Blueprint_MenuGameMode.uasset" 282
"D:/GitHub/GitHub/game-unreal-demo/AnkrUnrealSDK/Content/Blueprints/Blueprint_MenuGameMode.uexp" 283
"D:/GitHub/GitHub/game-unreal-demo/AnkrUnrealSDK/Content/Levels/Level_Menu.uexp" 284
"D:/GitHub/GitHub/game-unreal-demo/AnkrUnrealSDK/Content/Levels/Level_Menu.umap" 285
"../../../Engine/Content/Maps/Entry_BuiltData.uasset" 286
"../../../Engine/Content/Maps/Entry_BuiltData.uexp" 287
"../../../Engine/Content/Maps/Entry.uexp" 288
"../../../Engine/Content/Maps/Entry.umap" 289
